  [1m[36m (0.0ms)[0m  [1mCREATE TABLE "schema_migrations" ("version" varchar NOT NULL) [0m
  [1m[35m (0.0ms)[0m  select sqlite_version(*)
  [1m[36m (305.0ms)[0m  [1mCREATE UNIQUE INDEX "unique_schema_migrations" ON "schema_migrations" ("version")[0m
  [1m[35mActiveRecord::SchemaMigration Load (0.0ms)[0m  SELECT "schema_migrations".* FROM "schema_migrations"
Migrating to CreateUsers (20141126040951)
  [1m[36m (0.0ms)[0m  [1mbegin transaction[0m
DEPRECATION WARNING: `#timestamp` was called without specifying an option for `null`. In Rails 5, this behavior will change to `null: false`. You should manually specify `null: true` to prevent the behavior of your existing migrations from changing. (called from block in change at C:/Users/Kyle/Documents/Booth/App Dev/app3/db/migrate/20141126040951_create_users.rb:9)
  [1m[35m (15.6ms)[0m  CREATE TABLE "users" ("id" INTEGER PRIMARY KEY AUTOINCREMENT NOT NULL, "user_name" varchar, "first_name" varchar, "last_name" varchar, "email" varchar, "created_at" datetime, "updated_at" datetime) 
  [1m[36m (0.0ms)[0m  [1mrollback transaction[0m
  [1m[36mActiveRecord::SchemaMigration Load (0.0ms)[0m  [1mSELECT "schema_migrations".* FROM "schema_migrations"[0m
Migrating to CreateUsers (20141126040951)
  [1m[35m (15.6ms)[0m  begin transaction
  [1m[36m (0.0ms)[0m  [1mCREATE TABLE "users" ("id" INTEGER PRIMARY KEY AUTOINCREMENT NOT NULL, "user_name" varchar(255), "first_name" varchar(255), "last_name" varchar(255), "email" varchar(255), "created_at" datetime, "updated_at" datetime) [0m
  [1m[35mSQL (0.0ms)[0m  INSERT INTO "schema_migrations" ("version") VALUES (?)  [["version", "20141126040951"]]
  [1m[36m (0.0ms)[0m  [1mcommit transaction[0m
Migrating to CreateFavorites (20141126041040)
  [1m[35m (0.0ms)[0m  begin transaction
  [1m[36m (0.0ms)[0m  [1mCREATE TABLE "favorites" ("id" INTEGER PRIMARY KEY AUTOINCREMENT NOT NULL, "user_id" integer, "book_id" integer, "created_at" datetime, "updated_at" datetime) [0m
  [1m[35mSQL (0.0ms)[0m  INSERT INTO "schema_migrations" ("version") VALUES (?)  [["version", "20141126041040"]]
  [1m[36m (0.0ms)[0m  [1mcommit transaction[0m
Migrating to CreateBooks (20141126041400)
  [1m[35m (0.0ms)[0m  begin transaction
  [1m[36m (0.0ms)[0m  [1mCREATE TABLE "books" ("id" INTEGER PRIMARY KEY AUTOINCREMENT NOT NULL, "book_title" varchar(255), "author_id" integer, "published_year" integer, "created_at" datetime, "updated_at" datetime) [0m
  [1m[35mSQL (0.0ms)[0m  INSERT INTO "schema_migrations" ("version") VALUES (?)  [["version", "20141126041400"]]
  [1m[36m (0.0ms)[0m  [1mcommit transaction[0m
Migrating to CreateAuthors (20141126041514)
  [1m[35m (0.0ms)[0m  begin transaction
  [1m[36m (0.0ms)[0m  [1mCREATE TABLE "authors" ("id" INTEGER PRIMARY KEY AUTOINCREMENT NOT NULL, "author_name" varchar(255), "author_nationality" varchar(255), "author_birth_year" integer, "created_at" datetime, "updated_at" datetime) [0m
  [1m[35mSQL (0.0ms)[0m  INSERT INTO "schema_migrations" ("version") VALUES (?)  [["version", "20141126041514"]]
  [1m[36m (0.0ms)[0m  [1mcommit transaction[0m
  [1m[35mActiveRecord::SchemaMigration Load (0.0ms)[0m  SELECT "schema_migrations".* FROM "schema_migrations"


Started GET "/authors" for 127.0.0.1 at 2014-11-25 22:33:53 -0600
  [1m[36mActiveRecord::SchemaMigration Load (0.0ms)[0m  [1mSELECT "schema_migrations".* FROM "schema_migrations"[0m
Processing by AuthorsController#index as HTML
  [1m[35mAuthor Load (0.0ms)[0m  SELECT "authors".* FROM "authors"
  Rendered authors/index.html.erb within layouts/application (16.0ms)
Completed 200 OK in 7000ms (Views: 6932.2ms | ActiveRecord: 0.0ms)


Started GET "/assets/jquery-f5bb2b47599cdeee9f9d7b6311ea9ae0.js?body=1" for 127.0.0.1 at 2014-11-25 22:34:01 -0600


Started GET "/assets/application-85594faef8e9083f05371142fa7a3fdf.css?body=1" for 127.0.0.1 at 2014-11-25 22:34:01 -0600


Started GET "/assets/turbolinks-6c64e46285e34a59d1b5124e101a7efa.js?body=1" for 127.0.0.1 at 2014-11-25 22:34:01 -0600


Started GET "/assets/application-aeb75616a4dec1b6a07d8f1e6aa8e732.js?body=1" for 127.0.0.1 at 2014-11-25 22:34:01 -0600


Started GET "/assets/jquery_ujs-8c81234f583dd776c3b078004fb9249c.js?body=1" for 127.0.0.1 at 2014-11-25 22:34:01 -0600


Started GET "/books" for 127.0.0.1 at 2014-11-25 22:34:13 -0600
Processing by BooksController#index as HTML
  [1m[36mBook Load (0.0ms)[0m  [1mSELECT "books".* FROM "books"[0m
  Rendered books/index.html.erb within layouts/application (0.0ms)
Completed 200 OK in 156ms (Views: 140.6ms | ActiveRecord: 0.0ms)


Started GET "/favorites" for 127.0.0.1 at 2014-11-25 22:34:14 -0600
Processing by FavoritesController#index as HTML
  [1m[35mFavorite Load (0.0ms)[0m  SELECT "favorites".* FROM "favorites"
  Rendered favorites/index.html.erb within layouts/application (0.0ms)
Completed 200 OK in 125ms (Views: 109.4ms | ActiveRecord: 0.0ms)


Started GET "/users" for 127.0.0.1 at 2014-11-25 22:34:15 -0600
Processing by UsersController#index as HTML
  [1m[36mUser Load (0.0ms)[0m  [1mSELECT "users".* FROM "users"[0m
  Rendered users/index.html.erb within layouts/application (15.6ms)
Completed 200 OK in 125ms (Views: 109.4ms | ActiveRecord: 0.0ms)


Started GET "/users/sign_up" for 127.0.0.1 at 2014-11-25 22:34:18 -0600
Processing by UsersController#show as HTML
  Parameters: {"id"=>"sign_up"}
  [1m[35mUser Load (0.0ms)[0m  SELECT  "users".* FROM "users"  WHERE "users"."id" = ? LIMIT 1  [["id", 0]]
Completed 404 Not Found in 12ms

ActiveRecord::RecordNotFound (Couldn't find User with 'id'=sign_up):
  app/controllers/users_controller.rb:7:in `show'


  Rendered C:/RailsInstaller/Ruby2.0.0/lib/ruby/gems/2.0.0/gems/actionpack-4.1.8/lib/action_dispatch/middleware/templates/rescues/_source.erb (15.6ms)
  Rendered C:/RailsInstaller/Ruby2.0.0/lib/ruby/gems/2.0.0/gems/actionpack-4.1.8/lib/action_dispatch/middleware/templates/rescues/_trace.html.erb (0.0ms)
  Rendered C:/RailsInstaller/Ruby2.0.0/lib/ruby/gems/2.0.0/gems/actionpack-4.1.8/lib/action_dispatch/middleware/templates/rescues/_request_and_response.html.erb (0.0ms)
  Rendered C:/RailsInstaller/Ruby2.0.0/lib/ruby/gems/2.0.0/gems/actionpack-4.1.8/lib/action_dispatch/middleware/templates/rescues/diagnostics.erb within rescues/layout (191.9ms)


Started GET "/users/sign_up" for 127.0.0.1 at 2014-11-25 22:34:19 -0600
Processing by UsersController#show as HTML
  Parameters: {"id"=>"sign_up"}
  [1m[36mUser Load (4.0ms)[0m  [1mSELECT  "users".* FROM "users"  WHERE "users"."id" = ? LIMIT 1[0m  [["id", 0]]
Completed 404 Not Found in 4ms

ActiveRecord::RecordNotFound (Couldn't find User with 'id'=sign_up):
  app/controllers/users_controller.rb:7:in `show'


  Rendered C:/RailsInstaller/Ruby2.0.0/lib/ruby/gems/2.0.0/gems/actionpack-4.1.8/lib/action_dispatch/middleware/templates/rescues/_source.erb (0.0ms)
  Rendered C:/RailsInstaller/Ruby2.0.0/lib/ruby/gems/2.0.0/gems/actionpack-4.1.8/lib/action_dispatch/middleware/templates/rescues/_trace.html.erb (4.0ms)
  Rendered C:/RailsInstaller/Ruby2.0.0/lib/ruby/gems/2.0.0/gems/actionpack-4.1.8/lib/action_dispatch/middleware/templates/rescues/_request_and_response.html.erb (4.0ms)
  Rendered C:/RailsInstaller/Ruby2.0.0/lib/ruby/gems/2.0.0/gems/actionpack-4.1.8/lib/action_dispatch/middleware/templates/rescues/diagnostics.erb within rescues/layout (244.0ms)
  [1m[36mActiveRecord::SchemaMigration Load (0.0ms)[0m  [1mSELECT "schema_migrations".* FROM "schema_migrations"[0m
Migrating to DeviseCreateUsers (20141126044343)
  [1m[35m (0.0ms)[0m  begin transaction
  [1m[36m (0.0ms)[0m  [1mCREATE TABLE "users" ("id" INTEGER PRIMARY KEY AUTOINCREMENT NOT NULL, "email" varchar(255), "encrypted_password" varchar(255) DEFAULT '' NOT NULL, "reset_password_token" varchar(255), "reset_password_sent_at" datetime, "remember_created_at" datetime, "sign_in_count" integer DEFAULT 0 NOT NULL, "current_sign_in_at" datetime, "last_sign_in_at" datetime, "current_sign_in_ip" varchar(255), "last_sign_in_ip" varchar(255), "user_name" varchar(255), "first_name" varchar(255), "last_name" varchar(255), "created_at" datetime, "updated_at" datetime) [0m
SQLite3::SQLException: table "users" already exists: CREATE TABLE "users" ("id" INTEGER PRIMARY KEY AUTOINCREMENT NOT NULL, "email" varchar(255), "encrypted_password" varchar(255) DEFAULT '' NOT NULL, "reset_password_token" varchar(255), "reset_password_sent_at" datetime, "remember_created_at" datetime, "sign_in_count" integer DEFAULT 0 NOT NULL, "current_sign_in_at" datetime, "last_sign_in_at" datetime, "current_sign_in_ip" varchar(255), "last_sign_in_ip" varchar(255), "user_name" varchar(255), "first_name" varchar(255), "last_name" varchar(255), "created_at" datetime, "updated_at" datetime) 
  [1m[35m (0.0ms)[0m  rollback transaction
  [1m[36mActiveRecord::SchemaMigration Load (0.0ms)[0m  [1mSELECT "schema_migrations".* FROM "schema_migrations"[0m
  [1m[36mActiveRecord::SchemaMigration Load (0.0ms)[0m  [1mSELECT "schema_migrations".* FROM "schema_migrations"[0m
Migrating to CreateUsers (20141126045338)
  [1m[35m (0.0ms)[0m  begin transaction
DEPRECATION WARNING: `#timestamp` was called without specifying an option for `null`. In Rails 5, this behavior will change to `null: false`. You should manually specify `null: true` to prevent the behavior of your existing migrations from changing. (called from block in change at C:/Users/Kyle/Documents/Booth/App Dev/app3/db/migrate/20141126045338_create_users.rb:9)
  [1m[36m (0.0ms)[0m  [1mCREATE TABLE "users" ("id" INTEGER PRIMARY KEY AUTOINCREMENT NOT NULL, "user_name" varchar, "first_name" varchar, "last_name" varchar, "email" varchar, "created_at" datetime, "updated_at" datetime) [0m
SQLite3::SQLException: table "users" already exists: CREATE TABLE "users" ("id" INTEGER PRIMARY KEY AUTOINCREMENT NOT NULL, "user_name" varchar, "first_name" varchar, "last_name" varchar, "email" varchar, "created_at" datetime, "updated_at" datetime) 
  [1m[35m (0.0ms)[0m  rollback transaction


Started GET "/users" for 127.0.0.1 at 2014-11-25 23:31:39 -0600
  [1m[36mActiveRecord::SchemaMigration Load (0.0ms)[0m  [1mSELECT "schema_migrations".* FROM "schema_migrations"[0m

ActiveRecord::PendingMigrationError (

Migrations are pending. To resolve this issue, run:

	bin/rake db:migrate RAILS_ENV=development

):
  activerecord (4.2.0.beta4) lib/active_record/migration.rb:393:in `check_pending!'
  activerecord (4.2.0.beta4) lib/active_record/migration.rb:374:in `call'
  actionpack (4.2.0.beta4) lib/action_dispatch/middleware/callbacks.rb:29:in `block in call'
  activesupport (4.2.0.beta4) lib/active_support/callbacks.rb:88:in `call'
  activesupport (4.2.0.beta4) lib/active_support/callbacks.rb:88:in `_run_callbacks'
  activesupport (4.2.0.beta4) lib/active_support/callbacks.rb:734:in `_run_call_callbacks'
  activesupport (4.2.0.beta4) lib/active_support/callbacks.rb:81:in `run_callbacks'
  actionpack (4.2.0.beta4) lib/action_dispatch/middleware/callbacks.rb:27:in `call'
  actionpack (4.2.0.beta4) lib/action_dispatch/middleware/reloader.rb:73:in `call'
  actionpack (4.2.0.beta4) lib/action_dispatch/middleware/remote_ip.rb:78:in `call'
  web-console (2.0.0) lib/action_dispatch/debug_exceptions.rb:18:in `middleware_call'
  web-console (2.0.0) lib/action_dispatch/debug_exceptions.rb:13:in `call'
  actionpack (4.2.0.beta4) lib/action_dispatch/middleware/show_exceptions.rb:30:in `call'
  railties (4.2.0.beta4) lib/rails/rack/logger.rb:38:in `call_app'
  railties (4.2.0.beta4) lib/rails/rack/logger.rb:20:in `block in call'
  activesupport (4.2.0.beta4) lib/active_support/tagged_logging.rb:68:in `block in tagged'
  activesupport (4.2.0.beta4) lib/active_support/tagged_logging.rb:26:in `tagged'
  activesupport (4.2.0.beta4) lib/active_support/tagged_logging.rb:68:in `tagged'
  railties (4.2.0.beta4) lib/rails/rack/logger.rb:20:in `call'
  actionpack (4.2.0.beta4) lib/action_dispatch/middleware/request_id.rb:21:in `call'
  rack (1.6.0.beta) lib/rack/methodoverride.rb:22:in `call'
  rack (1.6.0.beta) lib/rack/runtime.rb:17:in `call'
  activesupport (4.2.0.beta4) lib/active_support/cache/strategy/local_cache_middleware.rb:28:in `call'
  rack (1.6.0.beta) lib/rack/lock.rb:17:in `call'
  actionpack (4.2.0.beta4) lib/action_dispatch/middleware/static.rb:113:in `call'
  rack (1.6.0.beta) lib/rack/sendfile.rb:113:in `call'
  railties (4.2.0.beta4) lib/rails/engine.rb:514:in `call'
  railties (4.2.0.beta4) lib/rails/application.rb:161:in `call'
  rack (1.6.0.beta) lib/rack/tempfile_reaper.rb:15:in `call'
  rack (1.6.0.beta) lib/rack/lint.rb:49:in `_call'
  rack (1.6.0.beta) lib/rack/lint.rb:37:in `call'
  rack (1.6.0.beta) lib/rack/showexceptions.rb:24:in `call'
  rack (1.6.0.beta) lib/rack/commonlogger.rb:33:in `call'
  rack (1.6.0.beta) lib/rack/chunked.rb:54:in `call'
  rack (1.6.0.beta) lib/rack/content_length.rb:15:in `call'
  rack (1.6.0.beta) lib/rack/handler/webrick.rb:89:in `service'
  C:/RailsInstaller/Ruby2.0.0/lib/ruby/2.0.0/webrick/httpserver.rb:138:in `service'
  C:/RailsInstaller/Ruby2.0.0/lib/ruby/2.0.0/webrick/httpserver.rb:94:in `run'
  C:/RailsInstaller/Ruby2.0.0/lib/ruby/2.0.0/webrick/server.rb:295:in `block in start_thread'


  Rendered C:/RailsInstaller/Ruby2.0.0/lib/ruby/gems/2.0.0/gems/web-console-2.0.0/lib/action_dispatch/templates/rescues/_source.erb (3.0ms)
  Rendered C:/RailsInstaller/Ruby2.0.0/lib/ruby/gems/2.0.0/gems/web-console-2.0.0/lib/action_dispatch/templates/rescues/_trace.html.erb (4.0ms)
  Rendered C:/RailsInstaller/Ruby2.0.0/lib/ruby/gems/2.0.0/gems/web-console-2.0.0/lib/action_dispatch/templates/rescues/_request_and_response.html.erb (2.0ms)
  Rendered C:/RailsInstaller/Ruby2.0.0/lib/ruby/gems/2.0.0/gems/web-console-2.0.0/lib/action_dispatch/templates/rescues/_web_console.html.erb (2.0ms)
  Rendered C:/RailsInstaller/Ruby2.0.0/lib/ruby/gems/2.0.0/gems/web-console-2.0.0/lib/action_dispatch/templates/rescues/diagnostics.html.erb within rescues/layout (320.2ms)
  [1m[36mActiveRecord::SchemaMigration Load (0.0ms)[0m  [1mSELECT "schema_migrations".* FROM "schema_migrations"[0m
Migrating to CreateUsers (20141126045338)
  [1m[35m (0.0ms)[0m  begin transaction
DEPRECATION WARNING: `#timestamp` was called without specifying an option for `null`. In Rails 5, this behavior will change to `null: false`. You should manually specify `null: true` to prevent the behavior of your existing migrations from changing. (called from block in change at C:/Users/Kyle/Documents/Booth/App Dev/app3/db/migrate/20141126045338_create_users.rb:9)
  [1m[36m (0.0ms)[0m  [1mCREATE TABLE "users" ("id" INTEGER PRIMARY KEY AUTOINCREMENT NOT NULL, "user_name" varchar, "first_name" varchar, "last_name" varchar, "email" varchar, "created_at" datetime, "updated_at" datetime) [0m
SQLite3::SQLException: table "users" already exists: CREATE TABLE "users" ("id" INTEGER PRIMARY KEY AUTOINCREMENT NOT NULL, "user_name" varchar, "first_name" varchar, "last_name" varchar, "email" varchar, "created_at" datetime, "updated_at" datetime) 
  [1m[35m (0.0ms)[0m  rollback transaction
